<?xml version="1.0" encoding="UTF-8"?>
<!-- Generated by org.testng.reporters.JUnitXMLReporter -->
<testsuite ignored="0" hostname="rizwans-mbp.mynet" failures="0" tests="22" name="Default test" time="3.659" errors="0" timestamp="28 Jul 2020 08:44:49 GMT">
  <testcase classname="files.ResourceTests" name="test_get_singleResource_withValidId_returns_HTTP_200" time="1.56"/>
  <testcase classname="files.ResourceTests" name="test_get_singleResource_withValidId_returns_HTTP_200" time="0.085"/>
  <testcase classname="files.ResourceTests" name="test_get_singleResource_withValidId_returns_HTTP_200" time="0.084"/>
  <testcase classname="files.ResourceTests" name="test_get_singleResource_withValidId_returns_HTTP_200" time="0.072"/>
  <testcase classname="files.ResourceTests" name="test_get_singleResource_withValidId_returns_HTTP_200" time="0.082"/>
  <testcase classname="files.ResourceTests" name="test_get_singleResource_withValidId_returns_HTTP_200" time="0.084"/>
  <testcase classname="files.ResourceTests" name="test_get_singleResource_withValidId_returns_HTTP_200" time="0.073"/>
  <testcase classname="files.ResourceTests" name="test_get_singleResource_withValidId_returns_HTTP_200" time="0.075"/>
  <testcase classname="files.ResourceTests" name="test_get_singleResource_withValidId_returns_HTTP_200" time="0.086"/>
  <testcase classname="files.ResourceTests" name="test_get_singleResource_withValidId_returns_HTTP_200" time="0.083"/>
  <testcase classname="files.ResourceTests" name="test_get_singleResource_withValidId_returns_HTTP_200" time="0.073"/>
  <testcase classname="files.ResourceTests" name="test_get_singleResource_withValidId_returns_HTTP_200" time="0.063"/>
  <testcase classname="files.ResourceTests" name="test_get_singleResource_with_invalidId_returns_HTTP_404" time="0.093"/>
  <testcase classname="files.ResourceTests" name="test_get_singleResource_with_invalidId_returns_HTTP_404" time="0.065"/>
  <testcase classname="files.ResourceTests" name="test_get_singleResource_with_invalidId_returns_HTTP_404" time="0.067"/>
  <testcase classname="files.ResourceTests" name="test_get_singleResource_with_invalidId_returns_HTTP_404" time="0.09"/>
  <testcase classname="files.ResourceTests" name="test_list_resource_return_HTTP_200" time="0.473"/>
  <testcase classname="files.ResourceTests" name="test_list_resource_return_HTTP_200" time="0.067"/>
  <testcase classname="files.ResourceTests" name="test_list_resource_return_HTTP_200" time="0.139"/>
  <testcase classname="files.ResourceTests" name="test_list_resource_return_HTTP_200" time="0.063"/>
  <testcase classname="files.ResourceTests" name="test_list_resource_return_HTTP_200" time="0.066"/>
  <testcase classname="files.ResourceTests" name="test_list_resource_return_HTTP_200" time="0.055"/>
</testsuite> <!-- Default test -->
