<?xml version="1.0" encoding="UTF-8"?>
<testng-results ignored="0" total="22" passed="22" failed="0" skipped="0">
  <reporter-output>
  </reporter-output>
  <suite started-at="2020-07-28T08:44:45Z" name="Default suite" finished-at="2020-07-28T08:44:49Z" duration-ms="3659">
    <groups>
    </groups>
    <test started-at="2020-07-28T08:44:45Z" name="Default test" finished-at="2020-07-28T08:44:49Z" duration-ms="3659">
      <class name="files.ResourceTests">
        <test-method signature="test_get_singleResource_withValidId_returns_HTTP_200(int)[pri:0, instance:files.ResourceTests@51c929ae]" started-at="2020-07-28T08:44:45Z" name="test_get_singleResource_withValidId_returns_HTTP_200" data-provider="validIds" finished-at="2020-07-28T08:44:47Z" duration-ms="1560" status="PASS">
          <params>
            <param index="0">
              <value>
                <![CDATA[1]]>
              </value>
            </param>
          </params>
          <reporter-output>
          </reporter-output>
        </test-method> <!-- test_get_singleResource_withValidId_returns_HTTP_200 -->
        <test-method signature="test_get_singleResource_withValidId_returns_HTTP_200(int)[pri:0, instance:files.ResourceTests@51c929ae]" started-at="2020-07-28T08:44:47Z" name="test_get_singleResource_withValidId_returns_HTTP_200" data-provider="validIds" finished-at="2020-07-28T08:44:47Z" duration-ms="85" status="PASS">
          <params>
            <param index="0">
              <value>
                <![CDATA[2]]>
              </value>
            </param>
          </params>
          <reporter-output>
          </reporter-output>
        </test-method> <!-- test_get_singleResource_withValidId_returns_HTTP_200 -->
        <test-method signature="test_get_singleResource_withValidId_returns_HTTP_200(int)[pri:0, instance:files.ResourceTests@51c929ae]" started-at="2020-07-28T08:44:47Z" name="test_get_singleResource_withValidId_returns_HTTP_200" data-provider="validIds" finished-at="2020-07-28T08:44:47Z" duration-ms="84" status="PASS">
          <params>
            <param index="0">
              <value>
                <![CDATA[3]]>
              </value>
            </param>
          </params>
          <reporter-output>
          </reporter-output>
        </test-method> <!-- test_get_singleResource_withValidId_returns_HTTP_200 -->
        <test-method signature="test_get_singleResource_withValidId_returns_HTTP_200(int)[pri:0, instance:files.ResourceTests@51c929ae]" started-at="2020-07-28T08:44:47Z" name="test_get_singleResource_withValidId_returns_HTTP_200" data-provider="validIds" finished-at="2020-07-28T08:44:47Z" duration-ms="72" status="PASS">
          <params>
            <param index="0">
              <value>
                <![CDATA[4]]>
              </value>
            </param>
          </params>
          <reporter-output>
          </reporter-output>
        </test-method> <!-- test_get_singleResource_withValidId_returns_HTTP_200 -->
        <test-method signature="test_get_singleResource_withValidId_returns_HTTP_200(int)[pri:0, instance:files.ResourceTests@51c929ae]" started-at="2020-07-28T08:44:47Z" name="test_get_singleResource_withValidId_returns_HTTP_200" data-provider="validIds" finished-at="2020-07-28T08:44:47Z" duration-ms="82" status="PASS">
          <params>
            <param index="0">
              <value>
                <![CDATA[5]]>
              </value>
            </param>
          </params>
          <reporter-output>
          </reporter-output>
        </test-method> <!-- test_get_singleResource_withValidId_returns_HTTP_200 -->
        <test-method signature="test_get_singleResource_withValidId_returns_HTTP_200(int)[pri:0, instance:files.ResourceTests@51c929ae]" started-at="2020-07-28T08:44:47Z" name="test_get_singleResource_withValidId_returns_HTTP_200" data-provider="validIds" finished-at="2020-07-28T08:44:47Z" duration-ms="84" status="PASS">
          <params>
            <param index="0">
              <value>
                <![CDATA[6]]>
              </value>
            </param>
          </params>
          <reporter-output>
          </reporter-output>
        </test-method> <!-- test_get_singleResource_withValidId_returns_HTTP_200 -->
        <test-method signature="test_get_singleResource_withValidId_returns_HTTP_200(int)[pri:0, instance:files.ResourceTests@51c929ae]" started-at="2020-07-28T08:44:47Z" name="test_get_singleResource_withValidId_returns_HTTP_200" data-provider="validIds" finished-at="2020-07-28T08:44:48Z" duration-ms="73" status="PASS">
          <params>
            <param index="0">
              <value>
                <![CDATA[7]]>
              </value>
            </param>
          </params>
          <reporter-output>
          </reporter-output>
        </test-method> <!-- test_get_singleResource_withValidId_returns_HTTP_200 -->
        <test-method signature="test_get_singleResource_withValidId_returns_HTTP_200(int)[pri:0, instance:files.ResourceTests@51c929ae]" started-at="2020-07-28T08:44:48Z" name="test_get_singleResource_withValidId_returns_HTTP_200" data-provider="validIds" finished-at="2020-07-28T08:44:48Z" duration-ms="75" status="PASS">
          <params>
            <param index="0">
              <value>
                <![CDATA[8]]>
              </value>
            </param>
          </params>
          <reporter-output>
          </reporter-output>
        </test-method> <!-- test_get_singleResource_withValidId_returns_HTTP_200 -->
        <test-method signature="test_get_singleResource_withValidId_returns_HTTP_200(int)[pri:0, instance:files.ResourceTests@51c929ae]" started-at="2020-07-28T08:44:48Z" name="test_get_singleResource_withValidId_returns_HTTP_200" data-provider="validIds" finished-at="2020-07-28T08:44:48Z" duration-ms="86" status="PASS">
          <params>
            <param index="0">
              <value>
                <![CDATA[9]]>
              </value>
            </param>
          </params>
          <reporter-output>
          </reporter-output>
        </test-method> <!-- test_get_singleResource_withValidId_returns_HTTP_200 -->
        <test-method signature="test_get_singleResource_withValidId_returns_HTTP_200(int)[pri:0, instance:files.ResourceTests@51c929ae]" started-at="2020-07-28T08:44:48Z" name="test_get_singleResource_withValidId_returns_HTTP_200" data-provider="validIds" finished-at="2020-07-28T08:44:48Z" duration-ms="83" status="PASS">
          <params>
            <param index="0">
              <value>
                <![CDATA[10]]>
              </value>
            </param>
          </params>
          <reporter-output>
          </reporter-output>
        </test-method> <!-- test_get_singleResource_withValidId_returns_HTTP_200 -->
        <test-method signature="test_get_singleResource_withValidId_returns_HTTP_200(int)[pri:0, instance:files.ResourceTests@51c929ae]" started-at="2020-07-28T08:44:48Z" name="test_get_singleResource_withValidId_returns_HTTP_200" data-provider="validIds" finished-at="2020-07-28T08:44:48Z" duration-ms="73" status="PASS">
          <params>
            <param index="0">
              <value>
                <![CDATA[11]]>
              </value>
            </param>
          </params>
          <reporter-output>
          </reporter-output>
        </test-method> <!-- test_get_singleResource_withValidId_returns_HTTP_200 -->
        <test-method signature="test_get_singleResource_withValidId_returns_HTTP_200(int)[pri:0, instance:files.ResourceTests@51c929ae]" started-at="2020-07-28T08:44:48Z" name="test_get_singleResource_withValidId_returns_HTTP_200" data-provider="validIds" finished-at="2020-07-28T08:44:48Z" duration-ms="63" status="PASS">
          <params>
            <param index="0">
              <value>
                <![CDATA[12]]>
              </value>
            </param>
          </params>
          <reporter-output>
          </reporter-output>
        </test-method> <!-- test_get_singleResource_withValidId_returns_HTTP_200 -->
        <test-method signature="test_get_singleResource_with_invalidId_returns_HTTP_404(int)[pri:0, instance:files.ResourceTests@51c929ae]" started-at="2020-07-28T08:44:48Z" name="test_get_singleResource_with_invalidId_returns_HTTP_404" data-provider="inValidIds" finished-at="2020-07-28T08:44:48Z" duration-ms="93" status="PASS">
          <params>
            <param index="0">
              <value>
                <![CDATA[-1]]>
              </value>
            </param>
          </params>
          <reporter-output>
          </reporter-output>
        </test-method> <!-- test_get_singleResource_with_invalidId_returns_HTTP_404 -->
        <test-method signature="test_get_singleResource_with_invalidId_returns_HTTP_404(int)[pri:0, instance:files.ResourceTests@51c929ae]" started-at="2020-07-28T08:44:48Z" name="test_get_singleResource_with_invalidId_returns_HTTP_404" data-provider="inValidIds" finished-at="2020-07-28T08:44:48Z" duration-ms="65" status="PASS">
          <params>
            <param index="0">
              <value>
                <![CDATA[0]]>
              </value>
            </param>
          </params>
          <reporter-output>
          </reporter-output>
        </test-method> <!-- test_get_singleResource_with_invalidId_returns_HTTP_404 -->
        <test-method signature="test_get_singleResource_with_invalidId_returns_HTTP_404(int)[pri:0, instance:files.ResourceTests@51c929ae]" started-at="2020-07-28T08:44:48Z" name="test_get_singleResource_with_invalidId_returns_HTTP_404" data-provider="inValidIds" finished-at="2020-07-28T08:44:48Z" duration-ms="67" status="PASS">
          <params>
            <param index="0">
              <value>
                <![CDATA[13]]>
              </value>
            </param>
          </params>
          <reporter-output>
          </reporter-output>
        </test-method> <!-- test_get_singleResource_with_invalidId_returns_HTTP_404 -->
        <test-method signature="test_get_singleResource_with_invalidId_returns_HTTP_404(int)[pri:0, instance:files.ResourceTests@51c929ae]" started-at="2020-07-28T08:44:48Z" name="test_get_singleResource_with_invalidId_returns_HTTP_404" data-provider="inValidIds" finished-at="2020-07-28T08:44:48Z" duration-ms="90" status="PASS">
          <params>
            <param index="0">
              <value>
                <![CDATA[15]]>
              </value>
            </param>
          </params>
          <reporter-output>
          </reporter-output>
        </test-method> <!-- test_get_singleResource_with_invalidId_returns_HTTP_404 -->
        <test-method signature="test_list_resource_return_HTTP_200(int, int, int, int, int, int, java.lang.String, int, java.lang.String, java.lang.String, java.lang.String, java.lang.String, java.lang.String)[pri:0, instance:files.ResourceTests@51c929ae]" started-at="2020-07-28T08:44:48Z" name="test_list_resource_return_HTTP_200" data-provider="expectedResourceList" finished-at="2020-07-28T08:44:49Z" duration-ms="473" status="PASS">
          <params>
            <param index="0">
              <value>
                <![CDATA[0]]>
              </value>
            </param>
            <param index="1">
              <value>
                <![CDATA[1]]>
              </value>
            </param>
            <param index="2">
              <value>
                <![CDATA[6]]>
              </value>
            </param>
            <param index="3">
              <value>
                <![CDATA[12]]>
              </value>
            </param>
            <param index="4">
              <value>
                <![CDATA[2]]>
              </value>
            </param>
            <param index="5">
              <value>
                <![CDATA[1]]>
              </value>
            </param>
            <param index="6">
              <value>
                <![CDATA[cerulean]]>
              </value>
            </param>
            <param index="7">
              <value>
                <![CDATA[2000]]>
              </value>
            </param>
            <param index="8">
              <value>
                <![CDATA[#98B2D1]]>
              </value>
            </param>
            <param index="9">
              <value>
                <![CDATA[15-4020]]>
              </value>
            </param>
            <param index="10">
              <value>
                <![CDATA[StatusCode Weekly]]>
              </value>
            </param>
            <param index="11">
              <value>
                <![CDATA[http://statuscode.org/]]>
              </value>
            </param>
            <param index="12">
              <value>
                <![CDATA[A weekly newsletter focusing on software development, infrastructure, the server, performance, and the stack end of things.]]>
              </value>
            </param>
          </params>
          <reporter-output>
          </reporter-output>
        </test-method> <!-- test_list_resource_return_HTTP_200 -->
        <test-method signature="test_list_resource_return_HTTP_200(int, int, int, int, int, int, java.lang.String, int, java.lang.String, java.lang.String, java.lang.String, java.lang.String, java.lang.String)[pri:0, instance:files.ResourceTests@51c929ae]" started-at="2020-07-28T08:44:49Z" name="test_list_resource_return_HTTP_200" data-provider="expectedResourceList" finished-at="2020-07-28T08:44:49Z" duration-ms="67" status="PASS">
          <params>
            <param index="0">
              <value>
                <![CDATA[1]]>
              </value>
            </param>
            <param index="1">
              <value>
                <![CDATA[1]]>
              </value>
            </param>
            <param index="2">
              <value>
                <![CDATA[6]]>
              </value>
            </param>
            <param index="3">
              <value>
                <![CDATA[12]]>
              </value>
            </param>
            <param index="4">
              <value>
                <![CDATA[2]]>
              </value>
            </param>
            <param index="5">
              <value>
                <![CDATA[2]]>
              </value>
            </param>
            <param index="6">
              <value>
                <![CDATA[fuchsia rose]]>
              </value>
            </param>
            <param index="7">
              <value>
                <![CDATA[2001]]>
              </value>
            </param>
            <param index="8">
              <value>
                <![CDATA[#C74375]]>
              </value>
            </param>
            <param index="9">
              <value>
                <![CDATA[17-2031]]>
              </value>
            </param>
            <param index="10">
              <value>
                <![CDATA[StatusCode Weekly]]>
              </value>
            </param>
            <param index="11">
              <value>
                <![CDATA[http://statuscode.org/]]>
              </value>
            </param>
            <param index="12">
              <value>
                <![CDATA[A weekly newsletter focusing on software development, infrastructure, the server, performance, and the stack end of things.]]>
              </value>
            </param>
          </params>
          <reporter-output>
          </reporter-output>
        </test-method> <!-- test_list_resource_return_HTTP_200 -->
        <test-method signature="test_list_resource_return_HTTP_200(int, int, int, int, int, int, java.lang.String, int, java.lang.String, java.lang.String, java.lang.String, java.lang.String, java.lang.String)[pri:0, instance:files.ResourceTests@51c929ae]" started-at="2020-07-28T08:44:49Z" name="test_list_resource_return_HTTP_200" data-provider="expectedResourceList" finished-at="2020-07-28T08:44:49Z" duration-ms="139" status="PASS">
          <params>
            <param index="0">
              <value>
                <![CDATA[2]]>
              </value>
            </param>
            <param index="1">
              <value>
                <![CDATA[1]]>
              </value>
            </param>
            <param index="2">
              <value>
                <![CDATA[6]]>
              </value>
            </param>
            <param index="3">
              <value>
                <![CDATA[12]]>
              </value>
            </param>
            <param index="4">
              <value>
                <![CDATA[2]]>
              </value>
            </param>
            <param index="5">
              <value>
                <![CDATA[3]]>
              </value>
            </param>
            <param index="6">
              <value>
                <![CDATA[true red]]>
              </value>
            </param>
            <param index="7">
              <value>
                <![CDATA[2002]]>
              </value>
            </param>
            <param index="8">
              <value>
                <![CDATA[#BF1932]]>
              </value>
            </param>
            <param index="9">
              <value>
                <![CDATA[19-1664]]>
              </value>
            </param>
            <param index="10">
              <value>
                <![CDATA[StatusCode Weekly]]>
              </value>
            </param>
            <param index="11">
              <value>
                <![CDATA[http://statuscode.org/]]>
              </value>
            </param>
            <param index="12">
              <value>
                <![CDATA[A weekly newsletter focusing on software development, infrastructure, the server, performance, and the stack end of things.]]>
              </value>
            </param>
          </params>
          <reporter-output>
          </reporter-output>
        </test-method> <!-- test_list_resource_return_HTTP_200 -->
        <test-method signature="test_list_resource_return_HTTP_200(int, int, int, int, int, int, java.lang.String, int, java.lang.String, java.lang.String, java.lang.String, java.lang.String, java.lang.String)[pri:0, instance:files.ResourceTests@51c929ae]" started-at="2020-07-28T08:44:49Z" name="test_list_resource_return_HTTP_200" data-provider="expectedResourceList" finished-at="2020-07-28T08:44:49Z" duration-ms="63" status="PASS">
          <params>
            <param index="0">
              <value>
                <![CDATA[3]]>
              </value>
            </param>
            <param index="1">
              <value>
                <![CDATA[1]]>
              </value>
            </param>
            <param index="2">
              <value>
                <![CDATA[6]]>
              </value>
            </param>
            <param index="3">
              <value>
                <![CDATA[12]]>
              </value>
            </param>
            <param index="4">
              <value>
                <![CDATA[2]]>
              </value>
            </param>
            <param index="5">
              <value>
                <![CDATA[4]]>
              </value>
            </param>
            <param index="6">
              <value>
                <![CDATA[aqua sky]]>
              </value>
            </param>
            <param index="7">
              <value>
                <![CDATA[2003]]>
              </value>
            </param>
            <param index="8">
              <value>
                <![CDATA[#7BC4C4]]>
              </value>
            </param>
            <param index="9">
              <value>
                <![CDATA[14-4811]]>
              </value>
            </param>
            <param index="10">
              <value>
                <![CDATA[StatusCode Weekly]]>
              </value>
            </param>
            <param index="11">
              <value>
                <![CDATA[http://statuscode.org/]]>
              </value>
            </param>
            <param index="12">
              <value>
                <![CDATA[A weekly newsletter focusing on software development, infrastructure, the server, performance, and the stack end of things.]]>
              </value>
            </param>
          </params>
          <reporter-output>
          </reporter-output>
        </test-method> <!-- test_list_resource_return_HTTP_200 -->
        <test-method signature="test_list_resource_return_HTTP_200(int, int, int, int, int, int, java.lang.String, int, java.lang.String, java.lang.String, java.lang.String, java.lang.String, java.lang.String)[pri:0, instance:files.ResourceTests@51c929ae]" started-at="2020-07-28T08:44:49Z" name="test_list_resource_return_HTTP_200" data-provider="expectedResourceList" finished-at="2020-07-28T08:44:49Z" duration-ms="66" status="PASS">
          <params>
            <param index="0">
              <value>
                <![CDATA[4]]>
              </value>
            </param>
            <param index="1">
              <value>
                <![CDATA[1]]>
              </value>
            </param>
            <param index="2">
              <value>
                <![CDATA[6]]>
              </value>
            </param>
            <param index="3">
              <value>
                <![CDATA[12]]>
              </value>
            </param>
            <param index="4">
              <value>
                <![CDATA[2]]>
              </value>
            </param>
            <param index="5">
              <value>
                <![CDATA[5]]>
              </value>
            </param>
            <param index="6">
              <value>
                <![CDATA[tigerlily]]>
              </value>
            </param>
            <param index="7">
              <value>
                <![CDATA[2004]]>
              </value>
            </param>
            <param index="8">
              <value>
                <![CDATA[#E2583E]]>
              </value>
            </param>
            <param index="9">
              <value>
                <![CDATA[17-1456]]>
              </value>
            </param>
            <param index="10">
              <value>
                <![CDATA[StatusCode Weekly]]>
              </value>
            </param>
            <param index="11">
              <value>
                <![CDATA[http://statuscode.org/]]>
              </value>
            </param>
            <param index="12">
              <value>
                <![CDATA[A weekly newsletter focusing on software development, infrastructure, the server, performance, and the stack end of things.]]>
              </value>
            </param>
          </params>
          <reporter-output>
          </reporter-output>
        </test-method> <!-- test_list_resource_return_HTTP_200 -->
        <test-method signature="test_list_resource_return_HTTP_200(int, int, int, int, int, int, java.lang.String, int, java.lang.String, java.lang.String, java.lang.String, java.lang.String, java.lang.String)[pri:0, instance:files.ResourceTests@51c929ae]" started-at="2020-07-28T08:44:49Z" name="test_list_resource_return_HTTP_200" data-provider="expectedResourceList" finished-at="2020-07-28T08:44:49Z" duration-ms="55" status="PASS">
          <params>
            <param index="0">
              <value>
                <![CDATA[5]]>
              </value>
            </param>
            <param index="1">
              <value>
                <![CDATA[1]]>
              </value>
            </param>
            <param index="2">
              <value>
                <![CDATA[6]]>
              </value>
            </param>
            <param index="3">
              <value>
                <![CDATA[12]]>
              </value>
            </param>
            <param index="4">
              <value>
                <![CDATA[2]]>
              </value>
            </param>
            <param index="5">
              <value>
                <![CDATA[6]]>
              </value>
            </param>
            <param index="6">
              <value>
                <![CDATA[blue turquoise]]>
              </value>
            </param>
            <param index="7">
              <value>
                <![CDATA[2005]]>
              </value>
            </param>
            <param index="8">
              <value>
                <![CDATA[#53B0AE]]>
              </value>
            </param>
            <param index="9">
              <value>
                <![CDATA[15-5217]]>
              </value>
            </param>
            <param index="10">
              <value>
                <![CDATA[StatusCode Weekly]]>
              </value>
            </param>
            <param index="11">
              <value>
                <![CDATA[http://statuscode.org/]]>
              </value>
            </param>
            <param index="12">
              <value>
                <![CDATA[A weekly newsletter focusing on software development, infrastructure, the server, performance, and the stack end of things.]]>
              </value>
            </param>
          </params>
          <reporter-output>
          </reporter-output>
        </test-method> <!-- test_list_resource_return_HTTP_200 -->
      </class> <!-- files.ResourceTests -->
    </test> <!-- Default test -->
  </suite> <!-- Default suite -->
</testng-results>
